This file contains any messages produced by compilers while
running configure, to aid debugging if configure makes a mistake.

It was created by freedroid configure 1.0.2, which was
generated by GNU Autoconf 2.57.  Invocation command line was

  $ ./configure --disable-dependency-tracking --prefix=./FreeDroid.app/Contents/Resources/freedroid --exec-prefix=./FreeDroid.app/Contents/MacOS --bindir=./FreeDroid.app/Contents/MacOS/

## --------- ##
## Platform. ##
## --------- ##

hostname = powerbook.censoft.com
uname -m = i386
uname -r = 8.10.1
uname -s = Darwin
uname -v = Darwin Kernel Version 8.10.1: Wed May 23 16:33:00 PDT 2007; root:xnu-792.22.5~1/RELEASE_I386

/usr/bin/uname -p = i386
/bin/uname -X     = unknown

/bin/arch              = unknown
/usr/bin/arch -k       = unknown
/usr/convex/getsysinfo = unknown
hostinfo               = Mach kernel version:
	 Darwin Kernel Version 8.10.1: Wed May 23 16:33:00 PDT 2007; root:xnu-792.22.5~1/RELEASE_I386
Kernel configured for up to 2 processors.
2 processors are physically available.
2 processors are logically available.
Processor type: i486 (Intel 80486)
Processors active: 0 1
Primary memory available: 3.00 gigabytes
Default processor set: 83 tasks, 272 threads, 2 processors
Load average: 0.71, Mach factor: 1.27
/bin/machine           = unknown
/usr/bin/oslevel       = unknown
/bin/universe          = unknown

PATH: /opt/local/bin
PATH: /opt/local/sbin
PATH: /Users/jasonk/bin
PATH: /bin
PATH: /sbin
PATH: /usr/bin
PATH: /usr/sbin
PATH: /usr/games
PATH: /usr/local/bin
PATH: /usr/local/mysql/bin


## ----------- ##
## Core tests. ##
## ----------- ##

configure:1306: checking build system type
configure:1324: result: i686-apple-darwin8.10.1
configure:1332: checking host system type
configure:1346: result: i686-apple-darwin8.10.1
configure:1354: checking target system type
configure:1368: result: i686-apple-darwin8.10.1
configure:1396: checking for a BSD-compatible install
configure:1450: result: /usr/bin/install -c
configure:1461: checking whether build environment is sane
configure:1504: result: yes
configure:1537: checking for gawk
configure:1566: result: no
configure:1537: checking for mawk
configure:1566: result: no
configure:1537: checking for nawk
configure:1566: result: no
configure:1537: checking for awk
configure:1553: found /usr/bin/awk
configure:1563: result: awk
configure:1573: checking whether make sets $(MAKE)
configure:1593: result: yes
configure:1794: checking for gcc
configure:1810: found /Users/jasonk/bin/gcc
configure:1820: result: gcc
configure:2064: checking for C compiler version
configure:2067: gcc --version </dev/null >&5
i686-apple-darwin8-gcc-4.0.1 (GCC) 4.0.1 (Apple Computer, Inc. build 5363)
Copyright (C) 2005 Free Software Foundation, Inc.
This is free software; see the source for copying conditions.  There is NO
warranty; not even for MERCHANTABILITY or FITNESS FOR A PARTICULAR PURPOSE.

configure:2070: $? = 0
configure:2072: gcc -v </dev/null >&5
Using built-in specs.
Target: i686-apple-darwin8
Configured with: /private/var/tmp/gcc/gcc-5363.obj~28/src/configure --disable-checking -enable-werror --prefix=/usr --mandir=/share/man --enable-languages=c,objc,c++,obj-c++ --program-transform-name=/^[cg][^.-]*$/s/$/-4.0/ --with-gxx-include-dir=/include/c++/4.0.0 --with-slibdir=/usr/lib --build=powerpc-apple-darwin8 --with-arch=nocona --with-tune=generic --program-prefix= --host=i686-apple-darwin8 --target=i686-apple-darwin8
Thread model: posix
gcc version 4.0.1 (Apple Computer, Inc. build 5363)
configure:2075: $? = 0
configure:2077: gcc -V </dev/null >&5
gcc: argument to `-V' is missing
configure:2080: $? = 1
configure:2104: checking for C compiler default output
configure:2107: gcc -D __MACOSX__ -arch ppc -arch i386  -arch i386 -arch ppc conftest.c  >&5
configure:2110: $? = 0
configure:2156: result: a.out
configure:2161: checking whether the C compiler works
configure:2167: ./a.out
configure:2170: $? = 0
configure:2187: result: yes
configure:2194: checking whether we are cross compiling
configure:2196: result: no
configure:2199: checking for suffix of executables
configure:2201: gcc -o conftest -D __MACOSX__ -arch ppc -arch i386  -arch i386 -arch ppc conftest.c  >&5
configure:2204: $? = 0
configure:2229: result: 
configure:2235: checking for suffix of object files
configure:2257: gcc -c -D __MACOSX__ -arch ppc -arch i386  conftest.c >&5
configure:2260: $? = 0
configure:2282: result: o
configure:2286: checking whether we are using the GNU C compiler
configure:2311: gcc -c -D __MACOSX__ -arch ppc -arch i386  conftest.c >&5
configure:2314: $? = 0
configure:2317: test -s conftest.o
configure:2320: $? = 0
configure:2333: result: yes
configure:2339: checking whether gcc accepts -g
configure:2361: gcc -c -g  conftest.c >&5
configure:2364: $? = 0
configure:2367: test -s conftest.o
configure:2370: $? = 0
configure:2381: result: yes
configure:2398: checking for gcc option to accept ANSI C
configure:2459: gcc  -c -D __MACOSX__ -arch ppc -arch i386  conftest.c >&5
configure:2462: $? = 0
configure:2465: test -s conftest.o
configure:2468: $? = 0
configure:2486: result: none needed
configure:2504: gcc -c -D __MACOSX__ -arch ppc -arch i386  conftest.c >&5
conftest.c:2: error: parse error before 'me'
conftest.c:2: error: parse error before 'me'
lipo: can't figure out the architecture type of: /var/tmp//ccJG9PDB.out
configure:2507: $? = 1
configure: failed program was:
| #ifndef __cplusplus
|   choke me
| #endif
configure:2634: checking for style of include used by make
configure:2662: result: GNU
configure:2690: checking dependency style of gcc
configure:2752: result: none
configure:2757: checking whether make sets $(MAKE)
configure:2777: result: yes
configure:2790: checking for sin in -lm
configure:2821: gcc -o conftest -D __MACOSX__ -arch ppc -arch i386  -arch i386 -arch ppc conftest.c -lm   >&5
configure:2814: warning: conflicting types for built-in function 'sin'
configure:2814: warning: conflicting types for built-in function 'sin'
configure:2824: $? = 0
configure:2827: test -s conftest
configure:2830: $? = 0
configure:2842: result: yes
configure:2867: checking how to run the C preprocessor
configure:2903: gcc -E  conftest.c
configure:2909: $? = 0
configure:2941: gcc -E  conftest.c
configure:2943:28: error: ac_nonexistent.h: No such file or directory
configure:2947: $? = 1
configure: failed program was:
| #line 2932 "configure"
| /* confdefs.h.  */
| 
| #define PACKAGE_NAME "freedroid"
| #define PACKAGE_TARNAME "freedroid"
| #define PACKAGE_VERSION "1.0.2"
| #define PACKAGE_STRING "freedroid 1.0.2"
| #define PACKAGE_BUGREPORT ""
| #define PACKAGE "freedroid"
| #define VERSION "1.0.2"
| #define HAVE_LIBM 1
| /* end confdefs.h.  */
| #include <ac_nonexistent.h>
configure:2985: result: gcc -E
configure:3010: gcc -E  conftest.c
configure:3016: $? = 0
configure:3048: gcc -E  conftest.c
configure:3050:28: error: ac_nonexistent.h: No such file or directory
configure:3054: $? = 1
configure: failed program was:
| #line 3039 "configure"
| /* confdefs.h.  */
| 
| #define PACKAGE_NAME "freedroid"
| #define PACKAGE_TARNAME "freedroid"
| #define PACKAGE_VERSION "1.0.2"
| #define PACKAGE_STRING "freedroid 1.0.2"
| #define PACKAGE_BUGREPORT ""
| #define PACKAGE "freedroid"
| #define VERSION "1.0.2"
| #define HAVE_LIBM 1
| /* end confdefs.h.  */
| #include <ac_nonexistent.h>
configure:3097: checking for X
configure:3203: gcc -E  conftest.c
configure:3209: $? = 0
configure:3259: gcc -o conftest -D __MACOSX__ -arch ppc -arch i386  -arch i386 -arch ppc conftest.c -lXt -lm  >&5
/usr/bin/ld: for architecture i386
/usr/bin/ld: can't locate file for: -lXt
collect2: ld returned 1 exit status
/usr/bin/ld: for architecture ppc
/usr/bin/ld: can't locate file for: -lXt
collect2: ld returned 1 exit status
lipo: can't open input file: /var/tmp//ccwhHWHx.out (No such file or directory)
configure:3262: $? = 1
configure: failed program was:
| #line 3242 "configure"
| /* confdefs.h.  */
| 
| #define PACKAGE_NAME "freedroid"
| #define PACKAGE_TARNAME "freedroid"
| #define PACKAGE_VERSION "1.0.2"
| #define PACKAGE_STRING "freedroid 1.0.2"
| #define PACKAGE_BUGREPORT ""
| #define PACKAGE "freedroid"
| #define VERSION "1.0.2"
| #define HAVE_LIBM 1
| /* end confdefs.h.  */
| #include <X11/Intrinsic.h>
| int
| main ()
| {
| XtMalloc (0)
|   ;
|   return 0;
| }
configure:3317: result: libraries /usr/X11R6/lib, headers 
configure:3470: gcc -o conftest -D __MACOSX__ -arch ppc -arch i386  -arch i386 -arch ppc conftest.c -lm   -L/usr/X11R6/lib -lX11 >&5
configure:3473: $? = 0
configure:3476: test -s conftest
configure:3479: $? = 0
configure:3616: checking for gethostbyname
configure:3666: gcc -o conftest -D __MACOSX__ -arch ppc -arch i386  -arch i386 -arch ppc conftest.c -lm  >&5
configure:3669: $? = 0
configure:3672: test -s conftest
configure:3675: $? = 0
configure:3686: result: yes
configure:3817: checking for connect
configure:3867: gcc -o conftest -D __MACOSX__ -arch ppc -arch i386  -arch i386 -arch ppc conftest.c -lm  >&5
configure:3870: $? = 0
configure:3873: test -s conftest
configure:3876: $? = 0
configure:3887: result: yes
configure:3952: checking for remove
configure:4002: gcc -o conftest -D __MACOSX__ -arch ppc -arch i386  -arch i386 -arch ppc conftest.c -lm  >&5
configure:4005: $? = 0
configure:4008: test -s conftest
configure:4011: $? = 0
configure:4022: result: yes
configure:4087: checking for shmat
configure:4137: gcc -o conftest -D __MACOSX__ -arch ppc -arch i386  -arch i386 -arch ppc conftest.c -lm  >&5
configure:4140: $? = 0
configure:4143: test -s conftest
configure:4146: $? = 0
configure:4157: result: yes
configure:4231: checking for IceConnectionNumber in -lICE
configure:4262: gcc -o conftest -D __MACOSX__ -arch ppc -arch i386  -arch i386 -arch ppc -L/usr/X11R6/lib conftest.c -lICE  -lm  >&5
configure:4265: $? = 0
configure:4268: test -s conftest
configure:4271: $? = 0
configure:4283: result: yes
configure:4298: Checking for compulsory SDL libraries:
configure:4341: checking for sdl-config
configure:4359: found /usr/local/bin/sdl-config
configure:4372: result: /usr/local/bin/sdl-config
configure:4380: checking for SDL - version >= 1.2.3
configure:4471: gcc -o conftest -D __MACOSX__ -arch ppc -arch i386  -I/usr/local/include/SDL -D_GNU_SOURCE=1 -D_THREAD_SAFE  -arch i386 -arch ppc conftest.c -lm  -L/usr/local/lib -lSDLmain -lSDL -framework Cocoa -framework OpenGL >&5
configure:4474: $? = 0
configure:4476: ./conftest
configure:4479: $? = 0
configure:4497: result: yes
configure:4589: checking for SDL_Init in -lSDL
configure:4620: gcc -o conftest -D __MACOSX__ -arch ppc -arch i386  -I/usr/local/include/SDL -D_GNU_SOURCE=1 -D_THREAD_SAFE  -arch i386 -arch ppc conftest.c -lSDL  -lm  -L/usr/local/lib -lSDLmain -lSDL -framework Cocoa -framework OpenGL >&5
configure:4623: $? = 0
configure:4626: test -s conftest
configure:4629: $? = 0
configure:4641: result: yes
configure:4666: checking for jpeg_start_compress in -ljpeg
configure:4697: gcc -o conftest -D __MACOSX__ -arch ppc -arch i386  -I/usr/local/include/SDL -D_GNU_SOURCE=1 -D_THREAD_SAFE  -arch i386 -arch ppc conftest.c -ljpeg  -lSDL -lm  -L/usr/local/lib -lSDLmain -lSDL -framework Cocoa -framework OpenGL >&5
configure:4700: $? = 0
configure:4703: test -s conftest
configure:4706: $? = 0
configure:4718: result: yes
configure:4743: checking for compress in -lz
configure:4774: gcc -o conftest -D __MACOSX__ -arch ppc -arch i386  -I/usr/local/include/SDL -D_GNU_SOURCE=1 -D_THREAD_SAFE  -arch i386 -arch ppc conftest.c -lz  -ljpeg -lSDL -lm  -L/usr/local/lib -lSDLmain -lSDL -framework Cocoa -framework OpenGL >&5
configure:4777: $? = 0
configure:4780: test -s conftest
configure:4783: $? = 0
configure:4795: result: yes
configure:4821: checking for png_read_png in -lpng
configure:4852: gcc -o conftest -D __MACOSX__ -arch ppc -arch i386  -I/usr/local/include/SDL -D_GNU_SOURCE=1 -D_THREAD_SAFE  -arch i386 -arch ppc conftest.c -lpng  -lz -ljpeg -lSDL -lm  -L/usr/local/lib -lSDLmain -lSDL -framework Cocoa -framework OpenGL >&5
configure:4855: $? = 0
configure:4858: test -s conftest
configure:4861: $? = 0
configure:4873: result: yes
configure:4898: checking for IMG_LoadJPG_RW in -lSDL_image
configure:4929: gcc -o conftest -D __MACOSX__ -arch ppc -arch i386  -I/usr/local/include/SDL -D_GNU_SOURCE=1 -D_THREAD_SAFE  -arch i386 -arch ppc conftest.c -lSDL_image  -lpng -lz -ljpeg -lSDL -lm  -L/usr/local/lib -lSDLmain -lSDL -framework Cocoa -framework OpenGL >&5
configure:4932: $? = 0
configure:4935: test -s conftest
configure:4938: $? = 0
configure:4950: result: yes
configure:4974: Checking for optional SDL libraries:
configure:4977: checking for Mix_OpenAudio in -lSDL_mixer
configure:5008: gcc -o conftest -D __MACOSX__ -arch ppc -arch i386  -I/usr/local/include/SDL -D_GNU_SOURCE=1 -D_THREAD_SAFE  -arch i386 -arch ppc conftest.c -lSDL_mixer  -lSDL_image -lpng -lz -ljpeg -lSDL -lm  -L/usr/local/lib -lSDLmain -lSDL -framework Cocoa -framework OpenGL >&5
configure:5011: $? = 0
configure:5014: test -s conftest
configure:5017: $? = 0
configure:5029: result: yes
configure:5057: checking for ov_open in -lvorbis
configure:5088: gcc -o conftest -D __MACOSX__ -arch ppc -arch i386  -I/usr/local/include/SDL -D_GNU_SOURCE=1 -D_THREAD_SAFE  -arch i386 -arch ppc conftest.c -lvorbis -lvorbisfile -lSDL_mixer -lSDL_image -lpng -lz -ljpeg -lSDL -lm  -L/usr/local/lib -lSDLmain -lSDL -framework Cocoa -framework OpenGL >&5
configure:5091: $? = 0
configure:5094: test -s conftest
configure:5097: $? = 0
configure:5109: result: yes
configure:5136: checking for egrep
configure:5146: result: grep -E
configure:5151: checking for ANSI C header files
configure:5177: gcc -c -D __MACOSX__ -arch ppc -arch i386  -I/usr/local/include/SDL -D_GNU_SOURCE=1 -D_THREAD_SAFE  conftest.c >&5
configure:5180: $? = 0
configure:5183: test -s conftest.o
configure:5186: $? = 0
configure:5275: gcc -o conftest -D __MACOSX__ -arch ppc -arch i386  -I/usr/local/include/SDL -D_GNU_SOURCE=1 -D_THREAD_SAFE  -arch i386 -arch ppc conftest.c -lvorbis -lSDL_mixer -lSDL_image -lpng -lz -ljpeg -lSDL -lm  -L/usr/local/lib -lSDLmain -lSDL -framework Cocoa -framework OpenGL >&5
configure: In function 'main':
configure:5281: warning: incompatible implicit declaration of built-in function 'exit'
configure: In function 'main':
configure:5281: warning: incompatible implicit declaration of built-in function 'exit'
configure:5278: $? = 0
configure:5280: ./conftest
configure:5283: $? = 0
configure:5298: result: yes
configure:5322: checking for sys/types.h
configure:5339: gcc -c -D __MACOSX__ -arch ppc -arch i386  -I/usr/local/include/SDL -D_GNU_SOURCE=1 -D_THREAD_SAFE  conftest.c >&5
configure:5342: $? = 0
configure:5345: test -s conftest.o
configure:5348: $? = 0
configure:5359: result: yes
configure:5322: checking for sys/stat.h
configure:5339: gcc -c -D __MACOSX__ -arch ppc -arch i386  -I/usr/local/include/SDL -D_GNU_SOURCE=1 -D_THREAD_SAFE  conftest.c >&5
configure:5342: $? = 0
configure:5345: test -s conftest.o
configure:5348: $? = 0
configure:5359: result: yes
configure:5322: checking for stdlib.h
configure:5339: gcc -c -D __MACOSX__ -arch ppc -arch i386  -I/usr/local/include/SDL -D_GNU_SOURCE=1 -D_THREAD_SAFE  conftest.c >&5
configure:5342: $? = 0
configure:5345: test -s conftest.o
configure:5348: $? = 0
configure:5359: result: yes
configure:5322: checking for string.h
configure:5339: gcc -c -D __MACOSX__ -arch ppc -arch i386  -I/usr/local/include/SDL -D_GNU_SOURCE=1 -D_THREAD_SAFE  conftest.c >&5
configure:5342: $? = 0
configure:5345: test -s conftest.o
configure:5348: $? = 0
configure:5359: result: yes
configure:5322: checking for memory.h
configure:5339: gcc -c -D __MACOSX__ -arch ppc -arch i386  -I/usr/local/include/SDL -D_GNU_SOURCE=1 -D_THREAD_SAFE  conftest.c >&5
configure:5342: $? = 0
configure:5345: test -s conftest.o
configure:5348: $? = 0
configure:5359: result: yes
configure:5322: checking for strings.h
configure:5339: gcc -c -D __MACOSX__ -arch ppc -arch i386  -I/usr/local/include/SDL -D_GNU_SOURCE=1 -D_THREAD_SAFE  conftest.c >&5
configure:5342: $? = 0
configure:5345: test -s conftest.o
configure:5348: $? = 0
configure:5359: result: yes
configure:5322: checking for inttypes.h
configure:5339: gcc -c -D __MACOSX__ -arch ppc -arch i386  -I/usr/local/include/SDL -D_GNU_SOURCE=1 -D_THREAD_SAFE  conftest.c >&5
configure:5342: $? = 0
configure:5345: test -s conftest.o
configure:5348: $? = 0
configure:5359: result: yes
configure:5322: checking for stdint.h
configure:5339: gcc -c -D __MACOSX__ -arch ppc -arch i386  -I/usr/local/include/SDL -D_GNU_SOURCE=1 -D_THREAD_SAFE  conftest.c >&5
configure:5342: $? = 0
configure:5345: test -s conftest.o
configure:5348: $? = 0
configure:5359: result: yes
configure:5322: checking for unistd.h
configure:5339: gcc -c -D __MACOSX__ -arch ppc -arch i386  -I/usr/local/include/SDL -D_GNU_SOURCE=1 -D_THREAD_SAFE  conftest.c >&5
configure:5342: $? = 0
configure:5345: test -s conftest.o
configure:5348: $? = 0
configure:5359: result: yes
configure:5394: checking fcntl.h usability
configure:5407: gcc -c -D __MACOSX__ -arch ppc -arch i386  -I/usr/local/include/SDL -D_GNU_SOURCE=1 -D_THREAD_SAFE  conftest.c >&5
configure:5410: $? = 0
configure:5413: test -s conftest.o
configure:5416: $? = 0
configure:5426: result: yes
configure:5430: checking fcntl.h presence
configure:5441: gcc -E  conftest.c
configure:5447: $? = 0
configure:5466: result: yes
configure:5502: checking for fcntl.h
configure:5509: result: yes
configure:5385: checking for stdlib.h
configure:5390: result: yes
configure:5385: checking for string.h
configure:5390: result: yes
configure:5394: checking sys/ioctl.h usability
configure:5407: gcc -c -D __MACOSX__ -arch ppc -arch i386  -I/usr/local/include/SDL -D_GNU_SOURCE=1 -D_THREAD_SAFE  conftest.c >&5
configure:5410: $? = 0
configure:5413: test -s conftest.o
configure:5416: $? = 0
configure:5426: result: yes
configure:5430: checking sys/ioctl.h presence
configure:5441: gcc -E  conftest.c
configure:5447: $? = 0
configure:5466: result: yes
configure:5502: checking for sys/ioctl.h
configure:5509: result: yes
configure:5394: checking sys/time.h usability
configure:5407: gcc -c -D __MACOSX__ -arch ppc -arch i386  -I/usr/local/include/SDL -D_GNU_SOURCE=1 -D_THREAD_SAFE  conftest.c >&5
configure:5410: $? = 0
configure:5413: test -s conftest.o
configure:5416: $? = 0
configure:5426: result: yes
configure:5430: checking sys/time.h presence
configure:5441: gcc -E  conftest.c
configure:5447: $? = 0
configure:5466: result: yes
configure:5502: checking for sys/time.h
configure:5509: result: yes
configure:5394: checking time.h usability
configure:5407: gcc -c -D __MACOSX__ -arch ppc -arch i386  -I/usr/local/include/SDL -D_GNU_SOURCE=1 -D_THREAD_SAFE  conftest.c >&5
configure:5410: $? = 0
configure:5413: test -s conftest.o
configure:5416: $? = 0
configure:5426: result: yes
configure:5430: checking time.h presence
configure:5441: gcc -E  conftest.c
configure:5447: $? = 0
configure:5466: result: yes
configure:5502: checking for time.h
configure:5509: result: yes
configure:5385: checking for unistd.h
configure:5390: result: yes
configure:5394: checking dirent.h usability
configure:5407: gcc -c -D __MACOSX__ -arch ppc -arch i386  -I/usr/local/include/SDL -D_GNU_SOURCE=1 -D_THREAD_SAFE  conftest.c >&5
configure:5410: $? = 0
configure:5413: test -s conftest.o
configure:5416: $? = 0
configure:5426: result: yes
configure:5430: checking dirent.h presence
configure:5441: gcc -E  conftest.c
configure:5447: $? = 0
configure:5466: result: yes
configure:5502: checking for dirent.h
configure:5509: result: yes
configure:5394: checking sys/soundcard.h usability
configure:5407: gcc -c -D __MACOSX__ -arch ppc -arch i386  -I/usr/local/include/SDL -D_GNU_SOURCE=1 -D_THREAD_SAFE  conftest.c >&5
configure:5466:27: error: sys/soundcard.h: No such file or directory
configure:5466:27: error: sys/soundcard.h: No such file or directory
lipo: can't figure out the architecture type of: /var/tmp//cc0fnaIF.out
configure:5410: $? = 1
configure: failed program was:
| #line 5396 "configure"
| /* confdefs.h.  */
| 
| #define PACKAGE_NAME "freedroid"
| #define PACKAGE_TARNAME "freedroid"
| #define PACKAGE_VERSION "1.0.2"
| #define PACKAGE_STRING "freedroid 1.0.2"
| #define PACKAGE_BUGREPORT ""
| #define PACKAGE "freedroid"
| #define VERSION "1.0.2"
| #define HAVE_LIBM 1
| #define HAVE_LIBSDL 1
| #define HAVE_LIBJPEG 1
| #define HAVE_LIBZ 1
| #define HAVE_LIBPNG 1
| #define HAVE_LIBSDL_IMAGE 1
| #define HAVE_LIBSDL_MIXER 1
| #define HAVE_LIBVORBIS 1
| #define STDC_HEADERS 1
| #define HAVE_SYS_TYPES_H 1
| #define HAVE_SYS_STAT_H 1
| #define HAVE_STDLIB_H 1
| #define HAVE_STRING_H 1
| #define HAVE_MEMORY_H 1
| #define HAVE_STRINGS_H 1
| #define HAVE_INTTYPES_H 1
| #define HAVE_STDINT_H 1
| #define HAVE_UNISTD_H 1
| #define HAVE_FCNTL_H 1
| #define HAVE_STDLIB_H 1
| #define HAVE_STRING_H 1
| #define HAVE_SYS_IOCTL_H 1
| #define HAVE_SYS_TIME_H 1
| #define HAVE_TIME_H 1
| #define HAVE_UNISTD_H 1
| #define HAVE_DIRENT_H 1
| /* end confdefs.h.  */
| #include <stdio.h>
| #if HAVE_SYS_TYPES_H
| # include <sys/types.h>
| #endif
| #if HAVE_SYS_STAT_H
| # include <sys/stat.h>
| #endif
| #if STDC_HEADERS
| # include <stdlib.h>
| # include <stddef.h>
| #else
| # if HAVE_STDLIB_H
| #  include <stdlib.h>
| # endif
| #endif
| #if HAVE_STRING_H
| # if !STDC_HEADERS && HAVE_MEMORY_H
| #  include <memory.h>
| # endif
| # include <string.h>
| #endif
| #if HAVE_STRINGS_H
| # include <strings.h>
| #endif
| #if HAVE_INTTYPES_H
| # include <inttypes.h>
| #else
| # if HAVE_STDINT_H
| #  include <stdint.h>
| # endif
| #endif
| #if HAVE_UNISTD_H
| # include <unistd.h>
| #endif
| #include <sys/soundcard.h>
configure:5426: result: no
configure:5430: checking sys/soundcard.h presence
configure:5441: gcc -E  conftest.c
configure:5468:27: error: sys/soundcard.h: No such file or directory
configure:5447: $? = 1
configure: failed program was:
| #line 5432 "configure"
| /* confdefs.h.  */
| 
| #define PACKAGE_NAME "freedroid"
| #define PACKAGE_TARNAME "freedroid"
| #define PACKAGE_VERSION "1.0.2"
| #define PACKAGE_STRING "freedroid 1.0.2"
| #define PACKAGE_BUGREPORT ""
| #define PACKAGE "freedroid"
| #define VERSION "1.0.2"
| #define HAVE_LIBM 1
| #define HAVE_LIBSDL 1
| #define HAVE_LIBJPEG 1
| #define HAVE_LIBZ 1
| #define HAVE_LIBPNG 1
| #define HAVE_LIBSDL_IMAGE 1
| #define HAVE_LIBSDL_MIXER 1
| #define HAVE_LIBVORBIS 1
| #define STDC_HEADERS 1
| #define HAVE_SYS_TYPES_H 1
| #define HAVE_SYS_STAT_H 1
| #define HAVE_STDLIB_H 1
| #define HAVE_STRING_H 1
| #define HAVE_MEMORY_H 1
| #define HAVE_STRINGS_H 1
| #define HAVE_INTTYPES_H 1
| #define HAVE_STDINT_H 1
| #define HAVE_UNISTD_H 1
| #define HAVE_FCNTL_H 1
| #define HAVE_STDLIB_H 1
| #define HAVE_STRING_H 1
| #define HAVE_SYS_IOCTL_H 1
| #define HAVE_SYS_TIME_H 1
| #define HAVE_TIME_H 1
| #define HAVE_UNISTD_H 1
| #define HAVE_DIRENT_H 1
| /* end confdefs.h.  */
| #include <sys/soundcard.h>
configure:5466: result: no
configure:5502: checking for sys/soundcard.h
configure:5509: result: no
configure:5524: checking for an ANSI C-conforming const
configure:5592: gcc -c -D __MACOSX__ -arch ppc -arch i386  -I/usr/local/include/SDL -D_GNU_SOURCE=1 -D_THREAD_SAFE  conftest.c >&5
configure:5595: $? = 0
configure:5598: test -s conftest.o
configure:5601: $? = 0
configure:5612: result: yes
configure:5622: checking for size_t
configure:5647: gcc -c -D __MACOSX__ -arch ppc -arch i386  -I/usr/local/include/SDL -D_GNU_SOURCE=1 -D_THREAD_SAFE  conftest.c >&5
configure:5650: $? = 0
configure:5653: test -s conftest.o
configure:5656: $? = 0
configure:5667: result: yes
configure:5679: checking whether time.h and sys/time.h may both be included
configure:5705: gcc -c -D __MACOSX__ -arch ppc -arch i386  -I/usr/local/include/SDL -D_GNU_SOURCE=1 -D_THREAD_SAFE  conftest.c >&5
configure:5708: $? = 0
configure:5711: test -s conftest.o
configure:5714: $? = 0
configure:5725: result: yes
configure:5737: checking return type of signal handlers
configure:5769: gcc -c -D __MACOSX__ -arch ppc -arch i386  -I/usr/local/include/SDL -D_GNU_SOURCE=1 -D_THREAD_SAFE  conftest.c >&5
configure:5772: $? = 0
configure:5775: test -s conftest.o
configure:5778: $? = 0
configure:5789: result: void
configure:5807: checking for memset
configure:5857: gcc -o conftest -D __MACOSX__ -arch ppc -arch i386  -I/usr/local/include/SDL -D_GNU_SOURCE=1 -D_THREAD_SAFE  -arch i386 -arch ppc conftest.c -lvorbis -lSDL_mixer -lSDL_image -lpng -lz -ljpeg -lSDL -lm  -L/usr/local/lib -lSDLmain -lSDL -framework Cocoa -framework OpenGL >&5
configure:5866: warning: conflicting types for built-in function 'memset'
configure:5866: warning: conflicting types for built-in function 'memset'
configure:5860: $? = 0
configure:5863: test -s conftest
configure:5866: $? = 0
configure:5877: result: yes
configure:5807: checking for sqrt
configure:5857: gcc -o conftest -D __MACOSX__ -arch ppc -arch i386  -I/usr/local/include/SDL -D_GNU_SOURCE=1 -D_THREAD_SAFE  -arch i386 -arch ppc conftest.c -lvorbis -lSDL_mixer -lSDL_image -lpng -lz -ljpeg -lSDL -lm  -L/usr/local/lib -lSDLmain -lSDL -framework Cocoa -framework OpenGL >&5
configure:5867: warning: conflicting types for built-in function 'sqrt'
configure:5867: warning: conflicting types for built-in function 'sqrt'
configure:5860: $? = 0
configure:5863: test -s conftest
configure:5866: $? = 0
configure:5877: result: yes
configure:5807: checking for strstr
configure:5857: gcc -o conftest -D __MACOSX__ -arch ppc -arch i386  -I/usr/local/include/SDL -D_GNU_SOURCE=1 -D_THREAD_SAFE  -arch i386 -arch ppc conftest.c -lvorbis -lSDL_mixer -lSDL_image -lpng -lz -ljpeg -lSDL -lm  -L/usr/local/lib -lSDLmain -lSDL -framework Cocoa -framework OpenGL >&5
configure:5868: warning: conflicting types for built-in function 'strstr'
configure:5868: warning: conflicting types for built-in function 'strstr'
configure:5860: $? = 0
configure:5863: test -s conftest
configure:5866: $? = 0
configure:5877: result: yes
configure:5807: checking for strtok
configure:5857: gcc -o conftest -D __MACOSX__ -arch ppc -arch i386  -I/usr/local/include/SDL -D_GNU_SOURCE=1 -D_THREAD_SAFE  -arch i386 -arch ppc conftest.c -lvorbis -lSDL_mixer -lSDL_image -lpng -lz -ljpeg -lSDL -lm  -L/usr/local/lib -lSDLmain -lSDL -framework Cocoa -framework OpenGL >&5
configure:5860: $? = 0
configure:5863: test -s conftest
configure:5866: $? = 0
configure:5877: result: yes
configure:5807: checking for strcspn
configure:5857: gcc -o conftest -D __MACOSX__ -arch ppc -arch i386  -I/usr/local/include/SDL -D_GNU_SOURCE=1 -D_THREAD_SAFE  -arch i386 -arch ppc conftest.c -lvorbis -lSDL_mixer -lSDL_image -lpng -lz -ljpeg -lSDL -lm  -L/usr/local/lib -lSDLmain -lSDL -framework Cocoa -framework OpenGL >&5
configure:5870: warning: conflicting types for built-in function 'strcspn'
configure:5870: warning: conflicting types for built-in function 'strcspn'
configure:5860: $? = 0
configure:5863: test -s conftest
configure:5866: $? = 0
configure:5877: result: yes
configure:5807: checking for strspn
configure:5857: gcc -o conftest -D __MACOSX__ -arch ppc -arch i386  -I/usr/local/include/SDL -D_GNU_SOURCE=1 -D_THREAD_SAFE  -arch i386 -arch ppc conftest.c -lvorbis -lSDL_mixer -lSDL_image -lpng -lz -ljpeg -lSDL -lm  -L/usr/local/lib -lSDLmain -lSDL -framework Cocoa -framework OpenGL >&5
configure:5871: warning: conflicting types for built-in function 'strspn'
configure:5871: warning: conflicting types for built-in function 'strspn'
configure:5860: $? = 0
configure:5863: test -s conftest
configure:5866: $? = 0
configure:5877: result: yes
configure:5807: checking for rand
configure:5857: gcc -o conftest -D __MACOSX__ -arch ppc -arch i386  -I/usr/local/include/SDL -D_GNU_SOURCE=1 -D_THREAD_SAFE  -arch i386 -arch ppc conftest.c -lvorbis -lSDL_mixer -lSDL_image -lpng -lz -ljpeg -lSDL -lm  -L/usr/local/lib -lSDLmain -lSDL -framework Cocoa -framework OpenGL >&5
configure:5860: $? = 0
configure:5863: test -s conftest
configure:5866: $? = 0
configure:5877: result: yes
configure:6026: creating ./config.status

## ---------------------- ##
## Running config.status. ##
## ---------------------- ##

This file was extended by freedroid config.status 1.0.2, which was
generated by GNU Autoconf 2.57.  Invocation command line was

  CONFIG_FILES    = 
  CONFIG_HEADERS  = 
  CONFIG_LINKS    = 
  CONFIG_COMMANDS = 
  $ ./config.status 

on powerbook.censoft.com

config.status:670: creating Makefile
config.status:670: creating src/Makefile
config.status:774: creating config.h
config.status:947: config.h is unchanged
config.status:1053: executing depfiles commands

## ---------------- ##
## Cache variables. ##
## ---------------- ##

ac_cv_build=i686-apple-darwin8.10.1
ac_cv_build_alias=i686-apple-darwin8.10.1
ac_cv_c_compiler_gnu=yes
ac_cv_c_const=yes
ac_cv_env_CC_set=
ac_cv_env_CC_value=
ac_cv_env_CFLAGS_set=set
ac_cv_env_CFLAGS_value='-D __MACOSX__ -arch ppc -arch i386'
ac_cv_env_CPPFLAGS_set=
ac_cv_env_CPPFLAGS_value=
ac_cv_env_CPP_set=
ac_cv_env_CPP_value=
ac_cv_env_LDFLAGS_set=set
ac_cv_env_LDFLAGS_value='-arch i386 -arch ppc'
ac_cv_env_build_alias_set=
ac_cv_env_build_alias_value=
ac_cv_env_host_alias_set=
ac_cv_env_host_alias_value=
ac_cv_env_target_alias_set=
ac_cv_env_target_alias_value=
ac_cv_exeext=
ac_cv_func_connect=yes
ac_cv_func_gethostbyname=yes
ac_cv_func_memset=yes
ac_cv_func_rand=yes
ac_cv_func_remove=yes
ac_cv_func_shmat=yes
ac_cv_func_sqrt=yes
ac_cv_func_strcspn=yes
ac_cv_func_strspn=yes
ac_cv_func_strstr=yes
ac_cv_func_strtok=yes
ac_cv_have_x='have_x=yes 		ac_x_includes= ac_x_libraries=/usr/X11R6/lib'
ac_cv_header_dirent_h=yes
ac_cv_header_fcntl_h=yes
ac_cv_header_inttypes_h=yes
ac_cv_header_memory_h=yes
ac_cv_header_stdc=yes
ac_cv_header_stdint_h=yes
ac_cv_header_stdlib_h=yes
ac_cv_header_string_h=yes
ac_cv_header_strings_h=yes
ac_cv_header_sys_ioctl_h=yes
ac_cv_header_sys_soundcard_h=no
ac_cv_header_sys_stat_h=yes
ac_cv_header_sys_time_h=yes
ac_cv_header_sys_types_h=yes
ac_cv_header_time=yes
ac_cv_header_time_h=yes
ac_cv_header_unistd_h=yes
ac_cv_host=i686-apple-darwin8.10.1
ac_cv_host_alias=i686-apple-darwin8.10.1
ac_cv_lib_ICE_IceConnectionNumber=yes
ac_cv_lib_SDL_SDL_Init=yes
ac_cv_lib_SDL_image_IMG_LoadJPG_RW=yes
ac_cv_lib_SDL_mixer_Mix_OpenAudio=yes
ac_cv_lib_jpeg_jpeg_start_compress=yes
ac_cv_lib_m_sin=yes
ac_cv_lib_png_png_read_png=yes
ac_cv_lib_vorbis_ov_open=yes
ac_cv_lib_z_compress=yes
ac_cv_objext=o
ac_cv_path_SDL_CONFIG=/usr/local/bin/sdl-config
ac_cv_path_install='/usr/bin/install -c'
ac_cv_prog_AWK=awk
ac_cv_prog_CPP='gcc -E'
ac_cv_prog_ac_ct_CC=gcc
ac_cv_prog_cc_g=yes
ac_cv_prog_cc_stdc=
ac_cv_prog_egrep='grep -E'
ac_cv_prog_make_make_set=yes
ac_cv_target=i686-apple-darwin8.10.1
ac_cv_target_alias=i686-apple-darwin8.10.1
ac_cv_type_signal=void
ac_cv_type_size_t=yes
am_cv_CC_dependencies_compiler_type=none

## ----------------- ##
## Output variables. ##
## ----------------- ##

ACLOCAL='${SHELL} /Users/jasonk/projects/freedroid-1.0.2/missing --run aclocal-1.6'
AMDEPBACKSLASH=''
AMDEP_FALSE=''
AMDEP_TRUE='#'
AMTAR='${SHELL} /Users/jasonk/projects/freedroid-1.0.2/missing --run tar'
AUTOCONF='${SHELL} /Users/jasonk/projects/freedroid-1.0.2/missing --run autoconf'
AUTOHEADER='${SHELL} /Users/jasonk/projects/freedroid-1.0.2/missing --run autoheader'
AUTOMAKE='${SHELL} /Users/jasonk/projects/freedroid-1.0.2/missing --run automake-1.6'
AWK='awk'
CC='gcc'
CCDEPMODE='depmode=none'
CFLAGS='-D __MACOSX__ -arch ppc -arch i386  -I/usr/local/include/SDL -D_GNU_SOURCE=1 -D_THREAD_SAFE  -DFD_DATADIR='"$(pkgdatadir)"''
CPP='gcc -E'
CPPFLAGS=''
DEFS='-DHAVE_CONFIG_H'
DEPDIR='.deps'
ECHO_C=''
ECHO_N='-n'
ECHO_T=''
EGREP='grep -E'
EXEEXT=''
INSTALL_DATA='${INSTALL} -m 644'
INSTALL_PROGRAM='${INSTALL}'
INSTALL_SCRIPT='${INSTALL}'
INSTALL_STRIP_PROGRAM='${SHELL} $(install_sh) -c -s'
LDFLAGS='-arch i386 -arch ppc'
LIBOBJS=''
LIBS='-lvorbis -lSDL_mixer -lSDL_image -lpng -lz -ljpeg -lSDL -lm  -L/usr/local/lib -lSDLmain -lSDL -framework Cocoa -framework OpenGL'
LTLIBOBJS=''
MAKEINFO='${SHELL} /Users/jasonk/projects/freedroid-1.0.2/missing --run makeinfo'
OBJEXT='o'
PACKAGE='freedroid'
PACKAGE_BUGREPORT=''
PACKAGE_NAME='freedroid'
PACKAGE_STRING='freedroid 1.0.2'
PACKAGE_TARNAME='freedroid'
PACKAGE_VERSION='1.0.2'
PATH_SEPARATOR=':'
SDL_CFLAGS='-I/usr/local/include/SDL -D_GNU_SOURCE=1 -D_THREAD_SAFE'
SDL_CONFIG='/usr/local/bin/sdl-config'
SDL_LIBS='-L/usr/local/lib -lSDLmain -lSDL -framework Cocoa -framework OpenGL'
SET_MAKE=''
SHELL='/bin/sh'
STRIP=''
VERSION='1.0.2'
WIN32_FALSE=''
WIN32_TRUE='#'
X_CFLAGS=''
X_EXTRA_LIBS=''
X_LIBS=' -L/usr/X11R6/lib'
X_PRE_LIBS=' -lSM -lICE'
ac_ct_CC='gcc'
ac_ct_STRIP=''
am__include='include'
am__quote=''
bindir='./FreeDroid.app/Contents/MacOS/'
build='i686-apple-darwin8.10.1'
build_alias=''
build_cpu='i686'
build_os='darwin8.10.1'
build_vendor='apple'
datadir='${prefix}/share'
exec_prefix='./FreeDroid.app/Contents/MacOS'
host='i686-apple-darwin8.10.1'
host_alias=''
host_cpu='i686'
host_os='darwin8.10.1'
host_vendor='apple'
includedir='${prefix}/include'
infodir='${prefix}/info'
install_sh='/Users/jasonk/projects/freedroid-1.0.2/install-sh'
libdir='${exec_prefix}/lib'
libexecdir='${exec_prefix}/libexec'
localstatedir='${prefix}/var'
mandir='${prefix}/man'
oldincludedir='/usr/include'
prefix='./FreeDroid.app/Contents/Resources/freedroid'
program_transform_name='s,x,x,'
sbindir='${exec_prefix}/sbin'
sharedstatedir='${prefix}/com'
sysconfdir='${prefix}/etc'
target='i686-apple-darwin8.10.1'
target_alias=''
target_cpu='i686'
target_os='darwin8.10.1'
target_vendor='apple'

## ----------- ##
## confdefs.h. ##
## ----------- ##

#define HAVE_DIRENT_H 1
#define HAVE_FCNTL_H 1
#define HAVE_INTTYPES_H 1
#define HAVE_LIBJPEG 1
#define HAVE_LIBM 1
#define HAVE_LIBPNG 1
#define HAVE_LIBSDL 1
#define HAVE_LIBSDL_IMAGE 1
#define HAVE_LIBSDL_MIXER 1
#define HAVE_LIBVORBIS 1
#define HAVE_LIBZ 1
#define HAVE_MEMORY_H 1
#define HAVE_MEMSET 1
#define HAVE_RAND 1
#define HAVE_SQRT 1
#define HAVE_STDINT_H 1
#define HAVE_STDLIB_H 1
#define HAVE_STDLIB_H 1
#define HAVE_STRCSPN 1
#define HAVE_STRINGS_H 1
#define HAVE_STRING_H 1
#define HAVE_STRING_H 1
#define HAVE_STRSPN 1
#define HAVE_STRSTR 1
#define HAVE_STRTOK 1
#define HAVE_SYS_IOCTL_H 1
#define HAVE_SYS_STAT_H 1
#define HAVE_SYS_TIME_H 1
#define HAVE_SYS_TYPES_H 1
#define HAVE_TIME_H 1
#define HAVE_UNISTD_H 1
#define HAVE_UNISTD_H 1
#define PACKAGE "freedroid"
#define PACKAGE_BUGREPORT ""
#define PACKAGE_NAME "freedroid"
#define PACKAGE_STRING "freedroid 1.0.2"
#define PACKAGE_TARNAME "freedroid"
#define PACKAGE_VERSION "1.0.2"
#define RETSIGTYPE void
#define STDC_HEADERS 1
#define TIME_WITH_SYS_TIME 1
#define VERSION "1.0.2"

configure: exit 0
